<?xml version="1.0" encoding="UTF-8"?>
<!-- Generated by org.testng.reporters.JUnitReportReporter -->
<testsuite skipped="0" hostname="DESKTOP-06C5ILO" name="com.training.sanity.tests.ELTC070" tests="1" failures="0" timestamp="16 Mar 2020 19:38:58 GMT" time="78.103" errors="0">
  <testcase name="validAddNewProject" time="78.103" classname="com.training.sanity.tests.ELTC070"/>
</testsuite> <!-- com.training.sanity.tests.ELTC070 -->
