<?xml version="1.0" encoding="UTF-8"?>
<!-- Generated by org.testng.reporters.JUnitReportReporter -->
<testsuite skipped="0" hostname="DESKTOP-06C5ILO" name="com.training.sanity.tests.ELTC042" tests="1" failures="0" timestamp="12 Mar 2020 07:17:50 GMT" time="44.794" errors="0">
  <testcase name="validAddNewProject" time="44.794" classname="com.training.sanity.tests.ELTC042"/>
</testsuite> <!-- com.training.sanity.tests.ELTC042 -->
