<?xml version="1.0" encoding="UTF-8"?>
<!-- Generated by org.testng.reporters.JUnitReportReporter -->
<testsuite skipped="0" hostname="DESKTOP-06C5ILO" name="com.training.sanity.tests.ELTC041" tests="1" failures="0" timestamp="11 Mar 2020 15:06:00 GMT" time="61.948" errors="0">
  <testcase name="validAddNewProject" time="61.948" classname="com.training.sanity.tests.ELTC041"/>
</testsuite> <!-- com.training.sanity.tests.ELTC041 -->
