<?xml version="1.0" encoding="UTF-8"?>
<!-- Generated by org.testng.reporters.JUnitReportReporter -->
<testsuite skipped="0" hostname="DESKTOP-06C5ILO" name="com.training.sanity.tests.ELTC071" tests="1" failures="0" timestamp="16 Mar 2020 20:59:30 GMT" time="115.761" errors="0">
  <testcase name="validAddNewProject" time="115.761" classname="com.training.sanity.tests.ELTC071"/>
</testsuite> <!-- com.training.sanity.tests.ELTC071 -->
