<?xml version="1.0" encoding="UTF-8"?>
<!-- Generated by org.testng.reporters.JUnitReportReporter -->
<testsuite skipped="0" hostname="DESKTOP-06C5ILO" name="com.training.sanity.tests.LoginTests" tests="1" failures="0" timestamp="03 Mar 2020 09:38:20 GMT" time="50.517" errors="0">
  <testcase name="validLoginTest" time="50.517" classname="com.training.sanity.tests.LoginTests"/>
</testsuite> <!-- com.training.sanity.tests.LoginTests -->
