<?xml version="1.0" encoding="UTF-8"?>
<!-- Generated by org.testng.reporters.JUnitReportReporter -->
<testsuite skipped="0" hostname="DESKTOP-06C5ILO" name="com.training.sanity.tests.ELTC072" tests="1" failures="0" timestamp="17 Mar 2020 09:13:32 GMT" time="18.351" errors="0">
  <testcase name="validAddNewProject" time="18.351" classname="com.training.sanity.tests.ELTC072"/>
</testsuite> <!-- com.training.sanity.tests.ELTC072 -->
