<?xml version="1.0" encoding="UTF-8"?>
<!-- Generated by org.testng.reporters.JUnitReportReporter -->
<testsuite skipped="0" hostname="DESKTOP-06C5ILO" name="com.training.regression.tests.LoginExcelTest" tests="4" failures="0" timestamp="20 Mar 2020 04:09:00 GMT" time="179.833" errors="0">
  <testcase name="loginDBTest" time="28.722" classname="com.training.regression.tests.LoginExcelTest"/>
  <testcase name="loginDBTest" time="107.004" classname="com.training.regression.tests.LoginExcelTest"/>
  <testcase name="loginDBTest" time="24.080" classname="com.training.regression.tests.LoginExcelTest"/>
  <testcase name="loginDBTest" time="20.027" classname="com.training.regression.tests.LoginExcelTest"/>
</testsuite> <!-- com.training.regression.tests.LoginExcelTest -->
