<?xml version="1.0" encoding="UTF-8"?>
<!-- Generated by org.testng.reporters.JUnitReportReporter -->
<testsuite skipped="0" hostname="DESKTOP-06C5ILO" name="com.training.sanity.tests.ELTC011" tests="1" failures="0" timestamp="10 Mar 2020 08:37:34 GMT" time="28.138" errors="0">
  <testcase name="validChangePassword" time="28.138" classname="com.training.sanity.tests.ELTC011"/>
</testsuite> <!-- com.training.sanity.tests.ELTC011 -->
