<?xml version="1.0" encoding="UTF-8"?>
<!-- Generated by org.testng.reporters.JUnitReportReporter -->
<testsuite skipped="0" hostname="DESKTOP-06C5ILO" name="com.training.sanity.tests.ELTC012" tests="1" failures="0" timestamp="10 Mar 2020 08:47:23 GMT" time="17.686" errors="0">
  <testcase name="validCourseCatalog" time="17.686" classname="com.training.sanity.tests.ELTC012"/>
</testsuite> <!-- com.training.sanity.tests.ELTC012 -->
