<?xml version="1.0" encoding="UTF-8"?>
<!-- Generated by org.testng.reporters.JUnitReportReporter -->
<testsuite skipped="0" hostname="DESKTOP-06C5ILO" name="com.training.sanity.tests.ELTC010" tests="1" failures="0" timestamp="10 Mar 2020 07:57:14 GMT" time="36.566" errors="0">
  <testcase name="validCourseCatalog" time="36.566" classname="com.training.sanity.tests.ELTC010"/>
</testsuite> <!-- com.training.sanity.tests.ELTC010 -->
